0.01994850194747175 79
LDA with GMM: 0.701 n: 5000.0
LDA with MoM: 0.777 n: 5000.0
0.019555285151188855 121
LDA with GMM: 0.701 n: 5000.0
LDA with MoM: 0.772 n: 5000.0
0.01933513606437062 53
LDA with GMM: 0.667 n: 5000.0
LDA with MoM: 0.791 n: 5000.0
0.019057963920668556 78
LDA with GMM: 0.751 n: 15000.0
LDA with MoM: 0.6043333333333333 n: 15000.0
Traceback (most recent call last):
  File "/home/ec2-user/experiments/MNIST/main.py", line 75, in <module>
    gmm_model.fit(X_train, y_train_sub)
  File "/home/ec2-user/experiments/MNIST/gmm.py", line 130, in fit
    self._M_step(x, label)
  File "/home/ec2-user/experiments/MNIST/gmm.py", line 110, in _M_step
    self.params['Sigma'] += gamma_k_j * sigma_j / self.N
KeyboardInterrupt
